AI Integration Test Log - 20250702_041813
================================================
[0;32m[SUCCESS][0m Test environment setup complete
[0;34m[04:18:13][0m Checking system requirements...
[0;32m[SUCCESS][0m git: /usr/bin/git
[0;32m[SUCCESS][0m ruby: /usr/local/bin/ruby
[0;32m[SUCCESS][0m node: /usr/bin/node
[0;32m[SUCCESS][0m npm: /usr/bin/npm
[0;31m[ERROR][0m jq: NOT FOUND
[0;32m[SUCCESS][0m curl: /usr/bin/curl
[0;34m[04:18:13][0m Ruby version: ruby 3.3.8 (2025-04-09 revision b200bad6cd) [x86_64-linux]
[0;32m[SUCCESS][0m Ruby version requirement met
[0;34m[04:18:13][0m Node.js version: v18.19.0
[0;32m[SUCCESS][0m Rails project structure detected
[0;31m[ERROR][0m System requirements not met
[0;31m[ERROR][0m System requirements check failed
