AI Integration Test Log - 20250702_041724
================================================
[0;32m[SUCCESS][0m Test environment setup complete
[0;34m[13:17:24][0m Checking system requirements...
[0;32m[SUCCESS][0m git: /usr/bin/git
[0;31m[ERROR][0m ruby: NOT FOUND
[0;32m[SUCCESS][0m node: /home/bohemian1506/.nvm/versions/node/v20.19.2/bin/node
[0;32m[SUCCESS][0m npm: /home/bohemian1506/.nvm/versions/node/v20.19.2/bin/npm
[0;31m[ERROR][0m jq: NOT FOUND
[0;32m[SUCCESS][0m curl: /usr/bin/curl
[0;34m[13:17:25][0m Node.js version: v20.19.2
[0;32m[SUCCESS][0m Rails project structure detected
[0;31m[ERROR][0m System requirements not met
[0;31m[ERROR][0m System requirements check failed
